0 info it worked if it ends with ok
1 verbose cli [ '/usr/bin/node', '/usr/bin/npm', 'start' ]
2 info using npm@3.5.2
3 info using node@v8.10.0
4 verbose run-script [ 'prestart', 'start', 'poststart' ]
5 info lifecycle pear@1.0.0~prestart: pear@1.0.0
6 silly lifecycle pear@1.0.0~prestart: no script for prestart, continuing
7 info lifecycle pear@1.0.0~start: pear@1.0.0
8 verbose lifecycle pear@1.0.0~start: unsafe-perm in lifecycle true
9 verbose lifecycle pear@1.0.0~start: PATH: /usr/share/npm/bin/node-gyp-bin:/mnt/c/users/GemmaLanguages/Atom/WIT/Clone/info30005-pear/node_modules/.bin:/usr/local/sbin:/usr/local/bin:/usr/sbin:/usr/bin:/sbin:/bin:/usr/games:/usr/local/games:/mnt/c/Program Files/WindowsApps/CanonicalGroupLimited.UbuntuonWindows_1804.2020.5.0_x64__79rhkp1fndgsc:/"C:/MinGW/bin:/mnt/c/ProgramData/Oracle/Java/javapath":/mnt/c/WINDOWS/system32:/mnt/c/WINDOWS:/mnt/c/WINDOWS/System32/Wbem:/mnt/c/WINDOWS/System32/WindowsPowerShell/v1.0/:/mnt/c/Users/Personal Computer/Documents/MATLAB/runtime/win64:/mnt/c/Users/Personal Computer/Documents/MATLAB/bin:/mnt/c/Program Files/jEdit:/mnt/c/Program Files/PuTTY/:/mnt/c/WINDOWS/System32/OpenSSH/:/mnt/c/MinGW/bin:/mnt/c/Program Files/nodejs/:/mnt/c/Program Files/CMake/bin:/mnt/c/Users/Personal Computer/AppData/Local/Microsoft/WindowsApps:/mnt/c/Users/Personal Computer/AppData/Local/GitHubDesktop/bin:/mnt/c/Users/Personal Computer/AppData/Local/Microsoft/WindowsApps:/mnt/c/Users/Personal Computer/AppData/Local/atom/bin:/mnt/c/ProgramData/Personal Computer/atom/bin:/mnt/c/Users/GemmaLanguages/Atom:/mnt/c/Users/Personal Computer/.atom/packages/gpp-compiler:/mnt/c/Users/Personal Computer/AppData/Roaming/npm:/mnt/c/Program Files/heroku/bin:/snap/bin
10 verbose lifecycle pear@1.0.0~start: CWD: /mnt/c/users/GemmaLanguages/Atom/WIT/Clone/info30005-pear
11 silly lifecycle pear@1.0.0~start: Args: [ '-c', 'node app.js' ]
12 silly lifecycle pear@1.0.0~start: Returned: code: 1  signal: null
13 info lifecycle pear@1.0.0~start: Failed to exec start script
14 verbose stack Error: pear@1.0.0 start: `node app.js`
14 verbose stack Exit status 1
14 verbose stack     at EventEmitter.<anonymous> (/usr/share/npm/lib/utils/lifecycle.js:232:16)
14 verbose stack     at emitTwo (events.js:126:13)
14 verbose stack     at EventEmitter.emit (events.js:214:7)
14 verbose stack     at ChildProcess.<anonymous> (/usr/share/npm/lib/utils/spawn.js:24:14)
14 verbose stack     at emitTwo (events.js:126:13)
14 verbose stack     at ChildProcess.emit (events.js:214:7)
14 verbose stack     at maybeClose (internal/child_process.js:925:16)
14 verbose stack     at Process.ChildProcess._handle.onexit (internal/child_process.js:209:5)
15 verbose pkgid pear@1.0.0
16 verbose cwd /mnt/c/users/GemmaLanguages/Atom/WIT/Clone/info30005-pear
17 error Linux 4.4.0-18362-Microsoft
18 error argv "/usr/bin/node" "/usr/bin/npm" "start"
19 error node v8.10.0
20 error npm  v3.5.2
21 error code ELIFECYCLE
22 error pear@1.0.0 start: `node app.js`
22 error Exit status 1
23 error Failed at the pear@1.0.0 start script 'node app.js'.
23 error Make sure you have the latest version of node.js and npm installed.
23 error If you do, this is most likely a problem with the pear package,
23 error not with npm itself.
23 error Tell the author that this fails on your system:
23 error     node app.js
23 error You can get information on how to open an issue for this project with:
23 error     npm bugs pear
23 error Or if that isn't available, you can get their info via:
23 error     npm owner ls pear
23 error There is likely additional logging output above.
24 verbose exit [ 1, true ]
